2023-09-05 19:43:38,146 =============================================================
2023-09-05 19:43:38,146 =============================================================
2023-09-05 19:43:38,147 Today is 2023-09-05 at 07:43 PM
2023-09-05 19:43:38,170 This file is running on: nt Windows 10
2023-09-05 19:43:38,170 The Python version is: 3.11.5
2023-09-05 19:43:38,170 The active conda environment is:  None
2023-09-05 19:43:38,170 The active pip environment is:    None
2023-09-05 19:43:38,170 The active environment path is:   C:\Program Files\Python311
2023-09-05 19:43:38,170 The current working directory is: C:\Users\MR011023\Documents\datafun-03-datatypes
2023-09-05 19:43:38,171 This source file is in:           C:\Users\MR011023\Documents\datafun-03-datatypes
2023-09-05 19:43:38,171 =============================================================
2023-09-05 19:43:38,171 =============================================================
2023-09-05 19:43:38,171 Calling functions from main block
2023-09-05 19:43:38,171 tupleA = (1, 2, 3, 4, 5)
2023-09-05 19:43:38,171 tupleB = (4, 5, 6, 7, 8)
2023-09-05 19:43:38,171 tupleA = (1, 2, 3, 4, 5)
2023-09-05 19:43:38,171 tupleB = (4, 5, 6, 7, 8)
2023-09-05 19:43:38,171 tupleCat = (1, 2, 3, 4, 5, 4, 5, 6, 7, 8)
2023-09-05 19:43:38,171 tupleAThrice = (1, 2, 3, 4, 5, 1, 2, 3, 4, 5, 1, 2, 3, 4, 5)
2023-09-05 19:43:38,171 Quotient: 3, Remainder: 1
2023-09-05 19:43:38,171 setA = {1, 2, 3, 4, 5}
2023-09-05 19:43:38,171 setB = {4, 5, 6, 7, 8}
2023-09-05 19:43:38,171 dogA_dict = {'name': 'Rex', 'age': 2, 'weight_kg': 13.4}
2023-09-05 19:43:38,171 dogB_dict = {'name': 'Fido', 'age': 3, 'weight_kg': 15.2}
2023-09-05 19:43:38,171 assessment_dict = {'low': 0, 'medium': 1, 'high': 2}
2023-09-05 19:43:38,171 data_dict = {'name': ['Alice', 'Bob', 'Charlie', 'David'], 'age': [25, 30, 35, 40], 'income': [50000, 60000, 70000, 80000]}
2023-09-05 19:43:38,176 Word count is a good way to begin processing text.
2023-09-05 19:43:38,176 Given text_simple.txt, the word_counts_dict = {'One': 1, 'fish': 3, 'two': 1, 'red': 1, 'blue': 1, 'fish.': 1}
2023-09-05 19:43:38,177 Given text_simple.txt and comprehensions,
2023-09-05 19:43:38,177 the the word_counts_dict2 = {'One': 1, 'fish': 3, 'two': 1, 'red': 1, 'blue': 1, 'fish.': 1}
2023-09-05 19:43:38,177 Add more logging statements to the code to see what happens.
2023-09-05 19:43:38,177 Explore enough to understand.
2023-09-05 19:43:38,177 Apply these skills to your own topic domain.
