2023-09-10 22:36:30,108 =============================================================
2023-09-10 22:36:30,108 =============================================================
2023-09-10 22:36:30,108 Today is 2023-09-10 at 10:36 PM
2023-09-10 22:36:30,131 This file is running on: nt Windows 10
2023-09-10 22:36:30,131 The Python version is: 3.11.5
2023-09-10 22:36:30,131 The active conda environment is:  None
2023-09-10 22:36:30,131 The active pip environment is:    None
2023-09-10 22:36:30,131 The active environment path is:   C:\Program Files\Python311
2023-09-10 22:36:30,131 The current working directory is: C:\Users\MR011023\Documents\datafun-03-datatypes
2023-09-10 22:36:30,131 This source file is in:           C:\Users\MR011023\Documents\datafun-03-datatypes
2023-09-10 22:36:30,131 =============================================================
2023-09-10 22:36:30,131 =============================================================
2023-09-10 22:36:30,131 Calling functions from main block
2023-09-10 22:36:30,131 list1: [17, 29, 34, 36, 62, 69, 116, 141, 149, 158, 166, 180, 199, 226, 251, 256, 282, 294, 313, 352]
2023-09-10 22:36:30,132 mean: 166.50
2023-09-10 22:36:30,132 median: 162.00
2023-09-10 22:36:30,132 mode: 17.00
2023-09-10 22:36:30,133 stdev: 103.93
2023-09-10 22:36:30,133 variance: 10802.47
2023-09-10 22:36:30,133 listx: [8, 321, 748, 834, 1118, 1224, 1630, 2111, 2233, 2313]
2023-09-10 22:36:30,133 listy: [61, 63, 80, 82, 84, 103, 105, 115, 120, 148]
2023-09-10 22:36:30,133 correlation between x and y: 0.95
2023-09-10 22:36:30,133 The equation of the best fit line is: y = 0.03x + 55.66
2023-09-10 22:36:30,133 We predict that when x = 15, y will be about 56.14
2023-09-10 22:36:30,133 Wait times list: [17, 29, 34, 36, 62, 69, 116, 141, 149, 158, 166, 180, 199, 226, 251, 256, 282, 294, 313, 352]
2023-09-10 22:36:30,133 The max() is 352
2023-09-10 22:36:30,133 The min() is 17
2023-09-10 22:36:30,133 The len() is 20
2023-09-10 22:36:30,133 The sum() is 3330
2023-09-10 22:36:30,133 The average is 166.50
2023-09-10 22:36:30,133 Set of wait times: {256, 141, 17, 149, 282, 29, 158, 34, 36, 166, 294, 180, 313, 62, 69, 199, 352, 226, 116, 251}
2023-09-10 22:36:30,133 Wait times sorted ascending: [17, 29, 34, 36, 62, 69, 116, 141, 149, 158, 166, 180, 199, 226, 251, 256, 282, 294, 313, 352]
2023-09-10 22:36:30,133 Wait times sorted descending: [352, 313, 294, 282, 256, 251, 226, 199, 180, 166, 158, 149, 141, 116, 69, 62, 36, 34, 29, 17]
2023-09-10 22:36:30,133 The number 2 appears 0 times in the list.
2023-09-10 22:36:30,133 Wait times sorted ascending: [17, 29, 34, 36, 62, 69, 116, 141, 149, 158, 166, 180, 199, 226, 251, 256, 282, 294, 313, 352]
2023-09-10 22:36:30,133 Wait times sorted descending: [352, 313, 294, 282, 256, 251, 226, 199, 180, 166, 158, 149, 141, 116, 69, 62, 36, 34, 29, 17]
2023-09-10 22:36:30,133 New wait times is: [352, 313, 294, 282, 256, 251, 226, 199, 180, 166, 158, 149, 141, 116, 69, 62, 36, 34, 29, 17]
2023-09-10 22:36:30,134 Popped the first (index=0): 352 and now, new_scores is: [313, 294, 282, 256, 251, 226, 199, 180, 166, 158, 149, 141, 116, 69, 62, 36, 34, 29, 17]
2023-09-10 22:36:30,134 Popped the last (index=-1): 17 and now, new_scores is: [313, 294, 282, 256, 251, 226, 199, 180, 166, 158, 149, 141, 116, 69, 62, 36, 34, 29]
2023-09-10 22:36:30,134 Wait times list: [352, 313, 294, 282, 256, 251, 226, 199, 180, 166, 158, 149, 141, 116, 69, 62, 36, 34, 29, 17]
2023-09-10 22:36:30,134 Wait times over 100 minutes: [352, 313, 294, 282, 256, 251, 226, 199, 180, 166, 158, 149, 141, 116]
2023-09-10 22:36:30,134 Cuberoot of wait times: [7.060696670652126, 6.789661336437485, 6.649399761150976, 6.557672186169711, 6.3496042078727974, 6.3079935486632674, 6.091199348919785, 5.838272460814002, 5.646216173286171, 5.4958646600950125, 5.406120175750225, 5.3014591923809045, 5.204827863394201, 4.876998961073314, 4.101565929702348, 3.9578916096804058, 3.3019272488946267, 3.2396118012774835, 3.0723168256858475, 2.571281590658235]
2023-09-10 22:36:30,134 Volume of a cube with sides equal to 5 is: 125
2023-09-10 22:36:30,134 Wait times list: [352, 313, 294, 282, 256, 251, 226, 199, 180, 166, 158, 149, 141, 116, 69, 62, 36, 34, 29, 17]
2023-09-10 22:36:30,134 Wait times under 60: [36, 34, 29, 17]
2023-09-10 22:36:30,134 Tripled wait times: [1056, 939, 882, 846, 768, 753, 678, 597, 540, 498, 474, 447, 423, 348, 207, 186, 108, 102, 87, 51]
2023-09-10 22:36:30,134 Wait times in hours: ['5.87', '5.22', '4.90', '4.70', '4.27', '4.18', '3.77', '3.32', '3.00', '2.77', '2.63', '2.48', '2.35', '1.93', '1.15', '1.03', '0.60', '0.57', '0.48', '0.28']
